<?xml version="1.0" encoding="UTF-8"?>
<testng-results ignored="0" total="1" passed="1" failed="0" skipped="0">
  <reporter-output>
  </reporter-output>
  <suite started-at="2022-04-11T08:39:54Z" name="Surefire suite" finished-at="2022-04-11T08:39:54Z" duration-ms="835">
    <groups>
      <group name="cucumber">
        <method signature="AbstractTestNGCucumberTests.runScenario(io.cucumber.testng.PickleEventWrapper, io.cucumber.testng.CucumberFeatureWrapper)[pri:0, instance:TestRunner@229d10bd]" name="runScenario" class="io.cucumber.testng.AbstractTestNGCucumberTests"/>
      </group> <!-- cucumber -->
    </groups>
    <test started-at="2022-04-11T08:39:54Z" name="Surefire test" finished-at="2022-04-11T08:39:54Z" duration-ms="835">
      <class name="TestRunner">
        <test-method is-config="true" signature="setUpClass()[pri:0, instance:TestRunner@229d10bd]" started-at="2022-04-11T08:39:54Z" name="setUpClass" finished-at="2022-04-11T08:39:54Z" duration-ms="180" status="PASS">
          <reporter-output>
          </reporter-output>
        </test-method> <!-- setUpClass -->
        <test-method signature="runScenario(io.cucumber.testng.PickleEventWrapper, io.cucumber.testng.CucumberFeatureWrapper)[pri:0, instance:TestRunner@229d10bd]" started-at="2022-04-11T08:39:54Z" name="runScenario" description="Runs Cucumber Scenarios" data-provider="scenarios" finished-at="2022-04-11T08:39:54Z" duration-ms="626" status="PASS">
          <params>
            <param index="0">
              <value>
                <![CDATA["Send request to req/res and validate response"]]>
              </value>
            </param>
            <param index="1">
              <value>
                <![CDATA["Send basic request's"]]>
              </value>
            </param>
          </params>
          <reporter-output>
          </reporter-output>
        </test-method> <!-- runScenario -->
        <test-method is-config="true" signature="tearDownClass()[pri:0, instance:TestRunner@229d10bd]" started-at="2022-04-11T08:39:54Z" name="tearDownClass" finished-at="2022-04-11T08:39:54Z" duration-ms="1" status="PASS">
          <reporter-output>
          </reporter-output>
        </test-method> <!-- tearDownClass -->
      </class> <!-- TestRunner -->
    </test> <!-- Surefire test -->
  </suite> <!-- Surefire suite -->
</testng-results>
